<?xml version="1.0" encoding="UTF-8"?>
<!-- Generated by org.testng.reporters.JUnitXMLReporter -->
<testsuite ignored="0" hostname="DESKTOP-QVM6J4J" failures="0" tests="5" name="Test_Edge" time="29.936" errors="0" timestamp="2023-06-19T09:10:24 IST">
  <testcase classname="com.Test.Test_9" name="r1" time="0.032"/>
  <testcase classname="com.Test.Test_9" name="r2" time="0.007"/>
  <testcase classname="com.Test.Test_11" name="w1" time="0.006"/>
  <testcase classname="com.Test.Test_11" name="w2" time="0.01"/>
  <testcase classname="com.Test.Test_11" name="w3" time="0.005"/>
</testsuite> <!-- Test_Edge -->
