<?xml version="1.0" encoding="UTF-8"?>
<!-- Generated by org.testng.reporters.JUnitXMLReporter -->
<testsuite ignored="2" hostname="DESKTOP-QVM6J4J" failures="0" tests="4" name="Test_Chrome" time="14.007" errors="0" timestamp="2023-06-19T09:10:38 IST">
  <testcase classname="com.Test.Test_9" name="r1" time="0.008"/>
  <testcase classname="com.Test.Test_9" name="r2" time="0.003"/>
  <testcase classname="com.Test.Test_10" name="y1" time="0.006"/>
  <testcase classname="com.Test.Test_11" name="w1" time="0.003"/>
  <testcase classname="com.Test.Test_11" name="w3" time="0.0">
    <ignored/>
  </testcase> <!-- w3 -->
  <testcase classname="com.Test.Test_11" name="w2" time="0.0">
    <ignored/>
  </testcase> <!-- w2 -->
</testsuite> <!-- Test_Chrome -->
