<?xml version="1.0" encoding="UTF-8"?>
<testng-results ignored="0" total="1" passed="1" failed="0" skipped="0">
  <reporter-output>
  </reporter-output>
  <suite started-at="2023-06-24T20:26:29 IST" name="Default suite" finished-at="2023-06-24T20:26:35 IST" duration-ms="6186">
    <groups>
    </groups>
    <test started-at="2023-06-24T20:26:29 IST" name="Default test" finished-at="2023-06-24T20:26:35 IST" duration-ms="6186">
      <class name="com.TestLogin.VerifyHomePageTest">
        <test-method signature="verifyHomepage()[pri:0, instance:com.TestLogin.VerifyHomePageTest@3c7f66c4]" started-at="2023-06-24T20:26:29 IST" name="verifyHomepage" finished-at="2023-06-24T20:26:35 IST" duration-ms="6139" status="PASS">
          <reporter-output>
          </reporter-output>
        </test-method> <!-- verifyHomepage -->
      </class> <!-- com.TestLogin.VerifyHomePageTest -->
    </test> <!-- Default test -->
  </suite> <!-- Default suite -->
</testng-results>
